2014-06-16 17:57:04.259 Running Piggy[2584:70b] Multi-tasking -> Device: YES, App: YES
2014-06-16 17:57:04.343 Running Piggy[2584:70b] Unlimited access to network resources
2014-06-16 17:57:04.688 Running Piggy[2584:70b] CDVPlugin class CDVStatusBar (pluginName: statusbar) does not exist.
2014-06-16 17:57:04.688 Running Piggy[2584:70b] [CDVTimer][statusbar] 0.532031ms
2014-06-16 17:57:04.689 Running Piggy[2584:70b] [CDVTimer][TotalPluginStartup] 1.007974ms
2014-06-16 17:57:04.919 Running Piggy[2584:70b] Resetting plugins due to page load.
2014-06-16 17:57:05.594 Running Piggy[2584:70b] Finished load of: file:///Users/xiaoying/Library/Application%20Support/iPhone%20Simulator/7.1/Applications/714B4DFA-51F2-4892-9D63-3A61AC1A4B0B/Running%20Piggy.app/www/index.html#/tab/dash
2014-06-16 18:00:20.841 Running Piggy[2780:70b] Multi-tasking -> Device: YES, App: YES
2014-06-16 18:00:20.848 Running Piggy[2780:70b] Unlimited access to network resources
2014-06-16 18:00:20.866 Running Piggy[2780:70b] CDVPlugin class CDVStatusBar (pluginName: statusbar) does not exist.
2014-06-16 18:00:20.867 Running Piggy[2780:70b] [CDVTimer][statusbar] 0.558019ms
2014-06-16 18:00:20.867 Running Piggy[2780:70b] [CDVTimer][TotalPluginStartup] 1.043022ms
2014-06-16 18:00:20.908 Running Piggy[2780:70b] Resetting plugins due to page load.
2014-06-16 18:00:21.406 Running Piggy[2780:70b] Finished load of: file:///Users/xiaoying/Library/Application%20Support/iPhone%20Simulator/7.1/Applications/714B4DFA-51F2-4892-9D63-3A61AC1A4B0B/Running%20Piggy.app/www/index.html#/tab/dash
2014-06-16 18:05:30.259 Running Piggy[2990:70b] Multi-tasking -> Device: YES, App: YES
2014-06-16 18:05:30.275 Running Piggy[2990:70b] Unlimited access to network resources
2014-06-16 18:05:30.306 Running Piggy[2990:70b] CDVPlugin class CDVStatusBar (pluginName: statusbar) does not exist.
2014-06-16 18:05:30.306 Running Piggy[2990:70b] [CDVTimer][statusbar] 0.726998ms
2014-06-16 18:05:30.307 Running Piggy[2990:70b] [CDVTimer][TotalPluginStartup] 1.298010ms
2014-06-16 18:05:30.455 Running Piggy[2990:70b] Resetting plugins due to page load.
2014-06-16 18:05:30.994 Running Piggy[2990:70b] Finished load of: file:///Users/xiaoying/Library/Application%20Support/iPhone%20Simulator/7.1/Applications/714B4DFA-51F2-4892-9D63-3A61AC1A4B0B/Running%20Piggy.app/www/index.html#/tab/dash
2014-06-16 18:07:32.860 Running Piggy[3161:70b] Multi-tasking -> Device: YES, App: YES
2014-06-16 18:07:32.867 Running Piggy[3161:70b] Unlimited access to network resources
2014-06-16 18:07:32.885 Running Piggy[3161:70b] CDVPlugin class CDVStatusBar (pluginName: statusbar) does not exist.
2014-06-16 18:07:32.886 Running Piggy[3161:70b] [CDVTimer][statusbar] 0.564992ms
2014-06-16 18:07:32.886 Running Piggy[3161:70b] [CDVTimer][TotalPluginStartup] 1.056015ms
2014-06-16 18:07:32.927 Running Piggy[3161:70b] Resetting plugins due to page load.
2014-06-16 18:07:33.576 Running Piggy[3161:70b] Finished load of: file:///Users/xiaoying/Library/Application%20Support/iPhone%20Simulator/7.1/Applications/714B4DFA-51F2-4892-9D63-3A61AC1A4B0B/Running%20Piggy.app/www/index.html#/tab/dash
Terminating in response to SpringBoard's termination.
2014-06-16 18:08:06.835 Running Piggy[3353:70b] Multi-tasking -> Device: YES, App: YES
2014-06-16 18:08:06.847 Running Piggy[3353:70b] Unlimited access to network resources
2014-06-16 18:08:06.872 Running Piggy[3353:70b] CDVPlugin class CDVStatusBar (pluginName: statusbar) does not exist.
2014-06-16 18:08:06.873 Running Piggy[3353:70b] [CDVTimer][statusbar] 0.639975ms
2014-06-16 18:08:06.873 Running Piggy[3353:70b] [CDVTimer][TotalPluginStartup] 1.195014ms
2014-06-16 18:08:07.029 Running Piggy[3353:70b] Resetting plugins due to page load.
2014-06-16 18:08:07.472 Running Piggy[3353:70b] Finished load of: file:///Users/xiaoying/Library/Application%20Support/iPhone%20Simulator/7.1/Applications/714B4DFA-51F2-4892-9D63-3A61AC1A4B0B/Running%20Piggy.app/www/index.html#/tab/dash
2014-06-16 19:47:05.008 Running Piggy[5994:70b] Multi-tasking -> Device: YES, App: YES
2014-06-16 19:47:05.017 Running Piggy[5994:70b] Unlimited access to network resources
2014-06-16 19:47:05.036 Running Piggy[5994:70b] CDVPlugin class CDVStatusBar (pluginName: statusbar) does not exist.
2014-06-16 19:47:05.037 Running Piggy[5994:70b] [CDVTimer][statusbar] 0.580013ms
2014-06-16 19:47:05.037 Running Piggy[5994:70b] [CDVTimer][TotalPluginStartup] 1.001000ms
2014-06-16 19:47:05.258 Running Piggy[5994:70b] Resetting plugins due to page load.
2014-06-16 19:47:05.974 Running Piggy[5994:70b] Finished load of: file:///Users/xiaoying/Library/Application%20Support/iPhone%20Simulator/7.1/Applications/714B4DFA-51F2-4892-9D63-3A61AC1A4B0B/Running%20Piggy.app/www/index.html#/tab/dash
